{
  "RSpec": {
    "coverage": {
      "/Users/Bob/Desktop/lab/back2rails/config/environment.rb": [
        null,
        1,
        null,
        null,
        1
      ],
      "/Users/Bob/Desktop/lab/back2rails/config/application.rb": [
        1,
        null,
        null,
        1,
        null,
        1,
        1,
        1,
        1,
        1,
        null,
        null,
        null,
        null,
        1,
        null,
        1,
        1,
        null,
        null,
        null,
        null,
        null,
        null,
        null,
        null,
        null,
        null,
        null,
        null,
        null,
        null,
        null,
        null
      ],
      "/Users/Bob/Desktop/lab/back2rails/config/boot.rb": [
        1,
        null,
        1
      ],
      "/Users/Bob/Desktop/lab/back2rails/config/environments/test.rb": [
        1,
        null,
        null,
        null,
        null,
        null,
        null,
        1,
        null,
        null,
        null,
        null,
        1,
        null,
        null,
        1,
        1,
        null,
        null,
        1,
        1,
        null,
        null,
        1,
        null,
        null,
        1,
        null,
        null,
        null,
        null,
        1,
        null,
        null,
        1,
        null,
        null,
        1,
        null,
        null,
        null,
        null
      ],
      "/Users/Bob/Desktop/lab/back2rails/config/initializers/assets.rb": [
        null,
        null,
        null,
        1,
        null,
        null,
        null,
        null,
        null,
        null,
        null
      ],
      "/Users/Bob/Desktop/lab/back2rails/config/initializers/backtrace_silencers.rb": [
        null,
        null,
        null,
        null,
        null,
        null,
        null
      ],
      "/Users/Bob/Desktop/lab/back2rails/config/initializers/cookies_serializer.rb": [
        null,
        null,
        1
      ],
      "/Users/Bob/Desktop/lab/back2rails/config/initializers/filter_parameter_logging.rb": [
        null,
        null,
        null,
        1
      ],
      "/Users/Bob/Desktop/lab/back2rails/config/initializers/inflections.rb": [
        null,
        null,
        null,
        null,
        null,
        null,
        null,
        null,
        null,
        null,
        null,
        null,
        null,
        null,
        null,
        null
      ],
      "/Users/Bob/Desktop/lab/back2rails/config/initializers/mime_types.rb": [
        null,
        null,
        null,
        null
      ],
      "/Users/Bob/Desktop/lab/back2rails/config/initializers/session_store.rb": [
        null,
        null,
        1
      ],
      "/Users/Bob/Desktop/lab/back2rails/config/initializers/wrap_parameters.rb": [
        null,
        null,
        null,
        null,
        null,
        null,
        1,
        1,
        null,
        null,
        null,
        null,
        null,
        null
      ],
      "/Users/Bob/Desktop/lab/back2rails/config/routes.rb": [
        1,
        null,
        1,
        null,
        1,
        1,
        null,
        null
      ],
      "/Users/Bob/Desktop/lab/back2rails/app/helpers/application_helper.rb": [
        1,
        null
      ],
      "/Users/Bob/Desktop/lab/back2rails/app/helpers/documents_helper.rb": [
        1,
        null,
        1,
        3,
        null,
        null,
        null,
        null
      ],
      "/Users/Bob/Desktop/lab/back2rails/app/helpers/files_helper.rb": [
        1,
        null
      ],
      "/Users/Bob/Desktop/lab/back2rails/app/helpers/pages_helper.rb": [
        1,
        null
      ],
      "/Users/Bob/Desktop/lab/back2rails/app/controllers/documents_controller.rb": [
        1,
        null,
        1,
        null,
        1,
        12,
        null,
        null,
        1,
        0,
        0,
        null,
        null,
        1,
        2,
        null,
        null,
        1,
        2,
        2,
        2,
        null,
        null,
        1,
        1,
        1,
        1,
        null,
        null,
        1,
        1,
        null,
        null,
        1,
        1,
        1,
        1,
        1,
        null,
        null,
        null
      ],
      "/Users/Bob/Desktop/lab/back2rails/app/controllers/application_controller.rb": [
        1,
        null,
        null,
        1,
        null
      ],
      "/Users/Bob/Desktop/lab/back2rails/app/controllers/files_controller.rb": [
        1,
        null,
        1,
        null,
        null,
        null,
        null
      ],
      "/Users/Bob/Desktop/lab/back2rails/app/controllers/pages_controller.rb": [
        1,
        null,
        1,
        null,
        null,
        1,
        0,
        0,
        null,
        null,
        1,
        0,
        0,
        null,
        null,
        1,
        0,
        0,
        null,
        null,
        1,
        0,
        0,
        0,
        null,
        null,
        1,
        null,
        null,
        null,
        null
      ],
      "/Users/Bob/Desktop/lab/back2rails/app/models/document.rb": [
        1,
        null,
        1,
        1,
        null
      ]
    },
    "timestamp": 1426951557
  }
}
